=== Docker build Dockerfile.server
[2017-02-22 14:53.53] Starting...
Cloning into '/tmp/with_clone194543ad'...
done.
HEAD is now at 343ac14 Fix AppVeyor build
Sending build context to Docker daemon 557.1 kBSending build context to Docker daemon 1.114 MBSending build context to Docker daemon 1.671 MBSending build context to Docker daemon 2.228 MBSending build context to Docker daemon 2.785 MBSending build context to Docker daemon 3.342 MBSending build context to Docker daemon 3.899 MBSending build context to Docker daemon 4.456 MBSending build context to Docker daemon 5.014 MBSending build context to Docker daemon 5.571 MBSending build context to Docker daemon 6.128 MBSending build context to Docker daemon 6.685 MBSending build context to Docker daemon 7.242 MBSending build context to Docker daemon 7.398 MB
Step 1/19 : FROM ocaml/opam:alpine-3.5_ocaml-4.04.0
alpine-3.5_ocaml-4.04.0: Pulling from ocaml/opam
Digest: sha256:61f9d4649431efd2d11e26e51b330db04418ff2c1c9df96aa42debdce1e19660
Status: Image is up to date for ocaml/opam:alpine-3.5_ocaml-4.04.0
 ---> 5b6e22d1d94e
Step 2/19 : ENV OPAMERRLOGLEN 0 OPAMYES 1
 ---> Using cache
 ---> 7237861b3cd5
Step 3/19 : RUN sudo apk add tzdata
 ---> Using cache
 ---> 0357d2994985
Step 4/19 : RUN opam depext -i opam-devel && sudo cp $(opam config var "opam-devel:lib")/opam /usr/bin/opam
 ---> Running in a2047e59fe62
# Detecting depexts using flags: x86_64 linux alpine
# The following system packages are needed:
#  - m4
#  - perl
The following command needs to be run through "sudo":
    apk add m4 perl
(1/2) Installing m4 (1.4.17-r1)
(2/2) Installing perl (5.24.0-r0)
Executing busybox-1.25.1-r0.trigger
OK: 630 MiB in 93 packages
# OS packages installation successful
# Now letting OPAM install the packages
The following actions will be performed:
  - install conf-perl        1                                  [required by dose3]
  - install conf-m4          1                                  [required by ocamlfind]
  - install result           1.2                                [required by topkg]
  - install uchar            0.0.1                              [required by jsonm]
  - install camlp4           4.04+system                        [required by cudf]
  - install opam-file-format 2.0.0~beta                         [required by opam-format]
  - install ocamlfind        1.7.1                              [required by opam-core]
  - install typerex-build    1.99.17-beta                       [required by ocp-build]
  - install topkg            0.8.1                              [required by jsonm]
  - install ocamlgraph       1.8.7                              [required by dose3, opam-core]
  - install base-bytes       base                               [required by cppo, re]
  - install ocp-build        1.99.17-beta                       [required by opam-core]
  - install uutf             1.0.0                              [required by jsonm]
  - install re               1.7.1                              [required by dose3, opam-core]
  - install cppo             1.4.1                              [required by dose3]
  - install jsonm            1.0.0                              [required by opam-core]
  - install extlib-compat    1.7.0                              [required by dose3]
  - install opam-core        2.0.0~beta                         [required by opam-solver, opam-state]
  - install cudf             0.7                                [required by dose3]
  - install opam-format      2.0.0~beta                         [required by opam-solver, opam-state]
  - install dose3            5.0.1                              [required by opam-solver]
  - install opam-repository  2.0.0~beta                         [required by opam-state]
  - install opam-solver      2.0.0~beta                         [required by opam-client]
  - install opam-state       2.0.0~beta                         [required by opam-client]
  - install opam-client      2.0.0~beta                         [required by opam-devel]
  - install opam-devel       2.0.0~beta  
===== 26 to install =====

=-=- Gathering sources =-=-=-=-=-=-=-=-=-=-=-=-=-=-=-=-=-=-=-=-=-=-=-=-=-=-=-=-=
[camlp4: http] Command started
[cppo: http] Command started
[cudf: http] Command started
[cudf: http] Command started
[cudf.0.7] https://gforge.inria.fr/frs/download.php/33593/cudf-0.7.tar.gz downloaded
[dose3: http] Command started
[dose3: http] Command started
[dose3.5.0.1] https://gforge.inria.fr/frs/download.php/file/36063/dose3-5.0.1.tar.gz downloaded
[extlib-compat: http] Command started
[camlp4: http] Command started
[camlp4.4.04+system] https://github.com/ocaml/camlp4/archive/system.0.tar.gz downloaded
[jsonm: http] Command started
[cppo: http] Command started
[cppo.1.4.1] https://github.com/mjambon/cppo/archive/v1.4.1.tar.gz downloaded
[ocamlfind: http] Command started
[jsonm: http] Command started
[jsonm.1.0.0] http://erratique.ch/software/jsonm/releases/jsonm-1.0.0.tbz downloaded
[ocamlgraph: http] Command started
[ocamlfind: http] Command started
[ocamlfind.1.7.1] http://download.camlcity.org/download/findlib-1.7.1.tar.gz downloaded
[opam-client: http] Command started
[extlib-compat: http] Command started
[extlib-compat.1.7.0] https://github.com/ygrek/ocaml-extlib/archive/1.7.0.tar.gz downloaded
[opam-core: http] Command started
[ocamlgraph: http] Command started
[ocamlgraph.1.8.7] http://ocamlgraph.lri.fr/download/ocamlgraph-1.8.7.tar.gz downloaded
[opam-devel: http] Command started
[opam-client: http] Command started
[opam-client.2.0.0~beta] https://github.com/ocaml/opam/archive/2.0.0-beta2.tar.gz downloaded
[opam-file-format: http] Command started
[opam-core: http] Command started
[opam-core.2.0.0~beta] https://github.com/ocaml/opam/archive/2.0.0-beta2.tar.gz downloaded
[opam-format: http] Command started
[opam-devel: http] Command started
[opam-devel.2.0.0~beta] https://github.com/ocaml/opam/archive/2.0.0-beta2.tar.gz downloaded
[opam-repository: http] Command started
[opam-file-format: http] Command started
[opam-file-format.2.0.0~beta] https://github.com/ocaml/opam-file-format/archive/2.0.0-beta.tar.gz downloaded
[opam-solver: http] Command started
[opam-format: http] Command started
[opam-format.2.0.0~beta] https://github.com/ocaml/opam/archive/2.0.0-beta2.tar.gz downloaded
[opam-state: http] Command started
[opam-solver: http] Command started
[opam-solver.2.0.0~beta] https://github.com/ocaml/opam/archive/2.0.0-beta2.tar.gz downloaded
[re: http] Command started
[opam-repository: http] Command started
[opam-repository.2.0.0~beta] https://github.com/ocaml/opam/archive/2.0.0-beta2.tar.gz downloaded
[result: http] Command started
[opam-state: http] Command started
[opam-state.2.0.0~beta] https://github.com/ocaml/opam/archive/2.0.0-beta2.tar.gz downloaded
[topkg: http] Command started
[topkg: http] Command started
[topkg.0.8.1] http://erratique.ch/software/topkg/releases/topkg-0.8.1.tbz downloaded
[typerex-build: http] Command started
[result: http] Command started
[result.1.2] https://github.com/janestreet/result/archive/1.2.tar.gz downloaded
[uchar: http] Command started
[re: http] Command started
[re.1.7.1] https://github.com/ocaml/ocaml-re/archive/1.7.1.tar.gz downloaded
[uutf: http] Command started
[uutf: http] Command started
[uutf.1.0.0] http://erratique.ch/software/uutf/releases/uutf-1.0.0.tbz downloaded
[uchar: http] Command started
[uchar.0.0.1] https://github.com/ocaml/uchar/releases/download/v0.0.1/uchar-0.0.1.tbz downloaded
[typerex-build: http] Command started
[91m[ERROR] Bad checksum for
        /home/opam/.opam/packages.dev/typerex-build.1.99.17-beta/1.99.17-beta.tar.gz:
          - 524a09f12bd41d17728a1321d4c39bdb [expected result]
          - 708acf374cd8587d0e3481beae1308d5 [actual result]
        This may be fixed by running `opam update`.

[ERROR] The sources of the following couldn't be obtained, aborting:
          - typerex-build.1.99.17-beta
        (This may be fixed by running 'opam update')
[0mThe command '/bin/sh -c opam depext -i opam-devel && sudo cp $(opam config var "opam-devel:lib")/opam /usr/bin/opam' returned a non-zero code: 66
[2017-02-22 14:54.22] Failed: Command "docker" "build" "--pull" "-f" "Dockerfile.server" "." exited with status 66
